[2023-07-08 17:12:59] [ERROR] request error, url: https://push2.eastmoney.com/api/qt/stock/get, msg: Get "https://push2.eastmoney.com/api/qt/stock/get?_=1688807569&fields=f57%2Cf58%2Cf60%2Cf43%2Cf44%2Cf45%2Cf47%2Cf170%2Cf19%2Cf20%2Cf39%2Cf40%2Cf530&fltt=2&invt=2&klt=1&secid=1.603108&ut=b2884a393a59ad64002292a3e90d46a5": net/http: TLS handshake timeout, body:%!(EXTRA <nil>)
/Users/Chen/Coding/mystake/market/stock.go:55                        GetStockInfo
/Users/Chen/Coding/mystake/cmd/up.go:23                              glob..func3
/Users/Chen/go/pkg/mod/github.com/spf13/cobra@v1.7.0/command.go:944  (*Command).execute
/Users/Chen/go/pkg/mod/github.com/spf13/cobra@v1.7.0/command.go:1068 (*Command).ExecuteC
/Users/Chen/go/pkg/mod/github.com/spf13/cobra@v1.7.0/command.go:992  Execute
/Users/Chen/Coding/mystake/cmd/root.go:33                            Execute
/Users/Chen/Coding/mystake/main.go:28                                main
/opt/homebrew/opt/go/libexec/src/runtime/proc.go:250                 main
/opt/homebrew/opt/go/libexec/src/runtime/asm_arm64.s:1172            goexit
[2023-07-08 17:14:24] [ERROR] request error, url: https://push2.eastmoney.com/api/qt/stock/get, msg: json: Unmarshal(nil *market.StockInfo), body:%!(EXTRA *http.bodyEOFSignal=&{0x140001ff600 {0 0} true 0x1400019a040 <nil> 0x1023ca020})
/Users/Chen/Coding/mystake/market/stock.go:55                        GetStockInfo
/Users/Chen/Coding/mystake/cmd/up.go:23                              glob..func3
/Users/Chen/go/pkg/mod/github.com/spf13/cobra@v1.7.0/command.go:944  (*Command).execute
/Users/Chen/go/pkg/mod/github.com/spf13/cobra@v1.7.0/command.go:1068 (*Command).ExecuteC
/Users/Chen/go/pkg/mod/github.com/spf13/cobra@v1.7.0/command.go:992  Execute
/Users/Chen/Coding/mystake/cmd/root.go:33                            Execute
/Users/Chen/Coding/mystake/main.go:28                                main
/opt/homebrew/opt/go/libexec/src/runtime/proc.go:250                 main
/opt/homebrew/opt/go/libexec/src/runtime/asm_arm64.s:1172            goexit
[2023-07-08 17:18:22] [ERROR] request error, url: https://push2.eastmoney.com/api/qt/stock/get, msg: json: Unmarshal(nil *market.EastmoneyRespStockInfoData), body:%!(EXTRA *http.bodyEOFSignal=&{0x1400009a400 {0 0} true 0x1400006c050 <nil> 0x1026d6020})
/Users/Chen/Coding/mystake/market/stock.go:59                        GetStockInfo
/Users/Chen/Coding/mystake/cmd/up.go:23                              glob..func3
/Users/Chen/go/pkg/mod/github.com/spf13/cobra@v1.7.0/command.go:944  (*Command).execute
/Users/Chen/go/pkg/mod/github.com/spf13/cobra@v1.7.0/command.go:1068 (*Command).ExecuteC
/Users/Chen/go/pkg/mod/github.com/spf13/cobra@v1.7.0/command.go:992  Execute
/Users/Chen/Coding/mystake/cmd/root.go:33                            Execute
/Users/Chen/Coding/mystake/main.go:28                                main
/opt/homebrew/opt/go/libexec/src/runtime/proc.go:250                 main
/opt/homebrew/opt/go/libexec/src/runtime/asm_arm64.s:1172            goexit
[2023-07-08 17:18:58] [ERROR] request error, url: https://push2.eastmoney.com/api/qt/stock/get, msg: Get "https://push2delay.eastmoney.com/api/qt/stock/get?_=1688807925&fields=f57%2Cf58%2Cf60%2Cf43%2Cf44%2Cf45%2Cf47%2Cf170%2Cf19%2Cf20%2Cf39%2Cf40%2Cf530&fltt=2&invt=2&klt=1&secid=1.603108&ut=b2884a393a59ad64002292a3e90d46a5": net/http: TLS handshake timeout, body:%!(EXTRA <nil>)
/Users/Chen/Coding/mystake/market/stock.go:59                        GetStockInfo
/Users/Chen/Coding/mystake/cmd/up.go:23                              glob..func3
/Users/Chen/go/pkg/mod/github.com/spf13/cobra@v1.7.0/command.go:944  (*Command).execute
/Users/Chen/go/pkg/mod/github.com/spf13/cobra@v1.7.0/command.go:1068 (*Command).ExecuteC
/Users/Chen/go/pkg/mod/github.com/spf13/cobra@v1.7.0/command.go:992  Execute
/Users/Chen/Coding/mystake/cmd/root.go:33                            Execute
/Users/Chen/Coding/mystake/main.go:28                                main
/opt/homebrew/opt/go/libexec/src/runtime/proc.go:250                 main
/opt/homebrew/opt/go/libexec/src/runtime/asm_arm64.s:1172            goexit
[2023-07-08 17:19:35] [ERROR] request error, url: https://push2.eastmoney.com/api/qt/stock/get, msg: json: Unmarshal(nil *market.EastmoneyRespStockInfoData), body:%!(EXTRA *http.bodyEOFSignal=&{0x140001ff300 {0 0} true 0x1400019a040 <nil> 0x100d5a020})
/Users/Chen/Coding/mystake/market/stock.go:59                        GetStockInfo
/Users/Chen/Coding/mystake/cmd/up.go:23                              glob..func3
/Users/Chen/go/pkg/mod/github.com/spf13/cobra@v1.7.0/command.go:944  (*Command).execute
/Users/Chen/go/pkg/mod/github.com/spf13/cobra@v1.7.0/command.go:1068 (*Command).ExecuteC
/Users/Chen/go/pkg/mod/github.com/spf13/cobra@v1.7.0/command.go:992  Execute
/Users/Chen/Coding/mystake/cmd/root.go:33                            Execute
/Users/Chen/Coding/mystake/main.go:28                                main
/opt/homebrew/opt/go/libexec/src/runtime/proc.go:250                 main
/opt/homebrew/opt/go/libexec/src/runtime/asm_arm64.s:1172            goexit
[2023-07-08 17:19:47] [ERROR] request error, url: https://push2.eastmoney.com/api/qt/stock/get, msg: json: Unmarshal(nil *market.EastmoneyRespStockInfoData), body:%!(EXTRA *http.bodyEOFSignal=&{0x14000444080 {0 0} true 0x1400019a040 <nil> 0x102aae020})
/Users/Chen/Coding/mystake/market/stock.go:59                        GetStockInfo
/Users/Chen/Coding/mystake/cmd/up.go:23                              glob..func3
/Users/Chen/go/pkg/mod/github.com/spf13/cobra@v1.7.0/command.go:944  (*Command).execute
/Users/Chen/go/pkg/mod/github.com/spf13/cobra@v1.7.0/command.go:1068 (*Command).ExecuteC
/Users/Chen/go/pkg/mod/github.com/spf13/cobra@v1.7.0/command.go:992  Execute
/Users/Chen/Coding/mystake/cmd/root.go:33                            Execute
/Users/Chen/Coding/mystake/main.go:28                                main
/opt/homebrew/opt/go/libexec/src/runtime/proc.go:250                 main
/opt/homebrew/opt/go/libexec/src/runtime/asm_arm64.s:1172            goexit
[2023-07-08 17:29:13] [ERROR] request error, url: https://push2.eastmoney.com/api/qt/stock/get, msg: Get "https://push2delay.eastmoney.com/api/qt/stock/get?_=1688808532&fields=f57%2Cf58%2Cf60%2Cf43%2Cf44%2Cf45%2Cf47%2Cf170%2Cf19%2Cf20%2Cf39%2Cf40%2Cf530&fltt=2&invt=2&klt=1&secid=1.603108&ut=b2884a393a59ad64002292a3e90d46a5": net/http: TLS handshake timeout, body:%!(EXTRA <nil>)
/Users/Chen/Coding/mystake/market/stock.go:59                        GetStockInfo
/Users/Chen/Coding/mystake/cmd/up.go:23                              glob..func3
/Users/Chen/go/pkg/mod/github.com/spf13/cobra@v1.7.0/command.go:944  (*Command).execute
/Users/Chen/go/pkg/mod/github.com/spf13/cobra@v1.7.0/command.go:1068 (*Command).ExecuteC
/Users/Chen/go/pkg/mod/github.com/spf13/cobra@v1.7.0/command.go:992  Execute
/Users/Chen/Coding/mystake/cmd/root.go:33                            Execute
/Users/Chen/Coding/mystake/main.go:28                                main
/opt/homebrew/opt/go/libexec/src/runtime/proc.go:250                 main
/opt/homebrew/opt/go/libexec/src/runtime/asm_arm64.s:1172            goexit
[2023-07-08 17:33:54] [ERROR] request error, url: https://push2.eastmoney.com/api/qt/stock/get, msg: json: Unmarshal(nil *market.EastmoneyRespStockInfoData), body:%!(EXTRA *http.bodyEOFSignal=&{0x1400041a000 {0 0} true 0x1400019a040 <nil> 0x1028aa020})
/Users/Chen/Coding/mystake/market/stock.go:59                        GetStockInfo
/Users/Chen/Coding/mystake/cmd/up.go:23                              glob..func3
/Users/Chen/go/pkg/mod/github.com/spf13/cobra@v1.7.0/command.go:944  (*Command).execute
/Users/Chen/go/pkg/mod/github.com/spf13/cobra@v1.7.0/command.go:1068 (*Command).ExecuteC
/Users/Chen/go/pkg/mod/github.com/spf13/cobra@v1.7.0/command.go:992  Execute
/Users/Chen/Coding/mystake/cmd/root.go:33                            Execute
/Users/Chen/Coding/mystake/main.go:28                                main
/opt/homebrew/opt/go/libexec/src/runtime/proc.go:250                 main
/opt/homebrew/opt/go/libexec/src/runtime/asm_arm64.s:1172            goexit
[2023-07-08 17:35:39] [ERROR] request error, url: https://push2.eastmoney.com/api/qt/stock/get, msg: Get "https://push2delay.eastmoney.com/api/qt/stock/get?_=1688808924&fields=f57%2Cf58%2Cf60%2Cf43%2Cf44%2Cf45%2Cf47%2Cf170%2Cf19%2Cf20%2Cf39%2Cf40%2Cf530&fltt=2&invt=2&klt=1&secid=1.603108&ut=b2884a393a59ad64002292a3e90d46a5": net/http: TLS handshake timeout, body:%!(EXTRA <nil>)
/Users/Chen/Coding/mystake/market/stock.go:59                        GetStockInfo
/Users/Chen/Coding/mystake/cmd/up.go:23                              glob..func3
/Users/Chen/go/pkg/mod/github.com/spf13/cobra@v1.7.0/command.go:944  (*Command).execute
/Users/Chen/go/pkg/mod/github.com/spf13/cobra@v1.7.0/command.go:1068 (*Command).ExecuteC
/Users/Chen/go/pkg/mod/github.com/spf13/cobra@v1.7.0/command.go:992  Execute
/Users/Chen/Coding/mystake/cmd/root.go:33                            Execute
/Users/Chen/Coding/mystake/main.go:28                                main
/opt/homebrew/opt/go/libexec/src/runtime/proc.go:250                 main
/opt/homebrew/opt/go/libexec/src/runtime/asm_arm64.s:1172            goexit
[2023-07-08 17:36:53] [ERROR] request error, url: https://push2.eastmoney.com/api/qt/stock/get, msg: json: Unmarshal(nil *market.EastmoneyRespStockInfoData), body:%!(EXTRA *http.bodyEOFSignal=&{0x14000035700 {0 0} true 0x1400006c050 <nil> 0x10252a020})
/Users/Chen/Coding/mystake/market/stock.go:59                        GetStockInfo
/Users/Chen/Coding/mystake/cmd/up.go:23                              glob..func3
/Users/Chen/go/pkg/mod/github.com/spf13/cobra@v1.7.0/command.go:944  (*Command).execute
/Users/Chen/go/pkg/mod/github.com/spf13/cobra@v1.7.0/command.go:1068 (*Command).ExecuteC
/Users/Chen/go/pkg/mod/github.com/spf13/cobra@v1.7.0/command.go:992  Execute
/Users/Chen/Coding/mystake/cmd/root.go:33                            Execute
/Users/Chen/Coding/mystake/main.go:28                                main
/opt/homebrew/opt/go/libexec/src/runtime/proc.go:250                 main
/opt/homebrew/opt/go/libexec/src/runtime/asm_arm64.s:1172            goexit
[2023-07-08 17:37:47] [ERROR] request error, url: https://push2.eastmoney.com/api/qt/stock/get, msg: json: Unmarshal(nil *market.EastmoneyRespStockInfoData), body:%!(EXTRA *http.bodyEOFSignal=&{0x1400009a040 {0 0} true 0x1400006c050 <nil> 0x104502020})
/Users/Chen/Coding/mystake/market/stock.go:59                        GetStockInfo
/Users/Chen/Coding/mystake/cmd/up.go:23                              glob..func3
/Users/Chen/go/pkg/mod/github.com/spf13/cobra@v1.7.0/command.go:944  (*Command).execute
/Users/Chen/go/pkg/mod/github.com/spf13/cobra@v1.7.0/command.go:1068 (*Command).ExecuteC
/Users/Chen/go/pkg/mod/github.com/spf13/cobra@v1.7.0/command.go:992  Execute
/Users/Chen/Coding/mystake/cmd/root.go:33                            Execute
/Users/Chen/Coding/mystake/main.go:28                                main
/opt/homebrew/opt/go/libexec/src/runtime/proc.go:250                 main
/opt/homebrew/opt/go/libexec/src/runtime/asm_arm64.s:1172            goexit
[2023-07-08 17:39:42] [ERROR] request error, url: https://push2.eastmoney.com/api/qt/stock/get, msg: json: Unmarshal(nil *market.EastmoneyRespStockInfoData), body:%!(EXTRA *http.bodyEOFSignal=&{0x14000034080 {0 0} true 0x14000118040 <nil> 0x100c2a020})
/Users/Chen/Coding/mystake/market/stock.go:59                        GetStockInfo
/Users/Chen/Coding/mystake/cmd/up.go:23                              glob..func3
/Users/Chen/go/pkg/mod/github.com/spf13/cobra@v1.7.0/command.go:944  (*Command).execute
/Users/Chen/go/pkg/mod/github.com/spf13/cobra@v1.7.0/command.go:1068 (*Command).ExecuteC
/Users/Chen/go/pkg/mod/github.com/spf13/cobra@v1.7.0/command.go:992  Execute
/Users/Chen/Coding/mystake/cmd/root.go:33                            Execute
/Users/Chen/Coding/mystake/main.go:28                                main
/opt/homebrew/opt/go/libexec/src/runtime/proc.go:250                 main
/opt/homebrew/opt/go/libexec/src/runtime/asm_arm64.s:1172            goexit
[2023-07-08 17:40:16] [ERROR] request error, url: https://push2.eastmoney.com/api/qt/stock/get, msg: json: Unmarshal(nil *market.EastmoneyRespStockInfoData), body:%!(EXTRA *http.bodyEOFSignal=&{0x14000035340 {0 0} true 0x1400006c050 <nil> 0x1009ee020})
/Users/Chen/Coding/mystake/market/stock.go:59                        GetStockInfo
/Users/Chen/Coding/mystake/cmd/up.go:23                              glob..func3
/Users/Chen/go/pkg/mod/github.com/spf13/cobra@v1.7.0/command.go:944  (*Command).execute
/Users/Chen/go/pkg/mod/github.com/spf13/cobra@v1.7.0/command.go:1068 (*Command).ExecuteC
/Users/Chen/go/pkg/mod/github.com/spf13/cobra@v1.7.0/command.go:992  Execute
/Users/Chen/Coding/mystake/cmd/root.go:33                            Execute
/Users/Chen/Coding/mystake/main.go:28                                main
/opt/homebrew/opt/go/libexec/src/runtime/proc.go:250                 main
/opt/homebrew/opt/go/libexec/src/runtime/asm_arm64.s:1172            goexit
[2023-07-08 17:40:26] [ERROR] request error, url: https://push2.eastmoney.com/api/qt/stock/get, msg: json: Unmarshal(nil *market.EastmoneyRespStockInfoData), body:%!(EXTRA *http.bodyEOFSignal=&{0x1400041a000 {0 0} true 0x14000110040 <nil> 0x1026ba020})
/Users/Chen/Coding/mystake/market/stock.go:59                        GetStockInfo
/Users/Chen/Coding/mystake/cmd/up.go:23                              glob..func3
/Users/Chen/go/pkg/mod/github.com/spf13/cobra@v1.7.0/command.go:944  (*Command).execute
/Users/Chen/go/pkg/mod/github.com/spf13/cobra@v1.7.0/command.go:1068 (*Command).ExecuteC
/Users/Chen/go/pkg/mod/github.com/spf13/cobra@v1.7.0/command.go:992  Execute
/Users/Chen/Coding/mystake/cmd/root.go:33                            Execute
/Users/Chen/Coding/mystake/main.go:28                                main
/opt/homebrew/opt/go/libexec/src/runtime/proc.go:250                 main
/opt/homebrew/opt/go/libexec/src/runtime/asm_arm64.s:1172            goexit
[2023-07-08 17:42:25] [ERROR] request error, url: https://push2.eastmoney.com/api/qt/stock/get, msg: Get "https://push2.eastmoney.com/api/qt/stock/get?_=1688809335&fields=f57%2Cf58%2Cf60%2Cf43%2Cf44%2Cf45%2Cf47%2Cf170%2Cf19%2Cf20%2Cf39%2Cf40%2Cf530&fltt=2&invt=2&klt=1&secid=1.603108&ut=b2884a393a59ad64002292a3e90d46a5": net/http: TLS handshake timeout, body:%!(EXTRA <nil>)
/Users/Chen/Coding/mystake/market/stock.go:59                        GetStockInfo
/Users/Chen/Coding/mystake/cmd/up.go:23                              glob..func3
/Users/Chen/go/pkg/mod/github.com/spf13/cobra@v1.7.0/command.go:944  (*Command).execute
/Users/Chen/go/pkg/mod/github.com/spf13/cobra@v1.7.0/command.go:1068 (*Command).ExecuteC
/Users/Chen/go/pkg/mod/github.com/spf13/cobra@v1.7.0/command.go:992  Execute
/Users/Chen/Coding/mystake/cmd/root.go:33                            Execute
/Users/Chen/Coding/mystake/main.go:28                                main
/opt/homebrew/opt/go/libexec/src/runtime/proc.go:250                 main
/opt/homebrew/opt/go/libexec/src/runtime/asm_arm64.s:1172            goexit
[2023-07-08 19:51:17] [ERROR] request error, url: https://push2.eastmoney.com/api/qt/stock/get, msg: Get "https://push2.eastmoney.com/api/qt/stock/get?_=1688817067&fields=f57%2Cf58%2Cf60%2Cf43%2Cf44%2Cf45%2Cf47%2Cf170%2Cf19%2Cf20%2Cf39%2Cf40%2Cf530&fltt=2&invt=2&klt=1&secid=1.603108&ut=b2884a393a59ad64002292a3e90d46a5": net/http: TLS handshake timeout, body:%!(EXTRA <nil>)
/Users/Chen/Coding/mystake/market/stock.go:60                        GetStockInfo
/Users/Chen/Coding/mystake/cmd/up.go:30                              glob..func3
/Users/Chen/go/pkg/mod/github.com/spf13/cobra@v1.7.0/command.go:944  (*Command).execute
/Users/Chen/go/pkg/mod/github.com/spf13/cobra@v1.7.0/command.go:1068 (*Command).ExecuteC
/Users/Chen/go/pkg/mod/github.com/spf13/cobra@v1.7.0/command.go:992  Execute
/Users/Chen/Coding/mystake/cmd/root.go:33                            Execute
/Users/Chen/Coding/mystake/main.go:29                                main
/opt/homebrew/opt/go/libexec/src/runtime/proc.go:250                 main
/opt/homebrew/opt/go/libexec/src/runtime/asm_arm64.s:1172            goexit
[2023-07-08 19:51:17] [ERROR] get stock info failed: Get "https://push2.eastmoney.com/api/qt/stock/get?_=1688817067&fields=f57%2Cf58%2Cf60%2Cf43%2Cf44%2Cf45%2Cf47%2Cf170%2Cf19%2Cf20%2Cf39%2Cf40%2Cf530&fltt=2&invt=2&klt=1&secid=1.603108&ut=b2884a393a59ad64002292a3e90d46a5": net/http: TLS handshake timeout
/Users/Chen/Coding/mystake/cmd/up.go:32                              glob..func3
/Users/Chen/go/pkg/mod/github.com/spf13/cobra@v1.7.0/command.go:944  (*Command).execute
/Users/Chen/go/pkg/mod/github.com/spf13/cobra@v1.7.0/command.go:1068 (*Command).ExecuteC
/Users/Chen/go/pkg/mod/github.com/spf13/cobra@v1.7.0/command.go:992  Execute
/Users/Chen/Coding/mystake/cmd/root.go:33                            Execute
/Users/Chen/Coding/mystake/main.go:29                                main
/opt/homebrew/opt/go/libexec/src/runtime/proc.go:250                 main
/opt/homebrew/opt/go/libexec/src/runtime/asm_arm64.s:1172            goexit
[2023-07-08 21:20:56] [ERROR] get stock info failed: zip: not a valid zip file
/Users/Chen/Coding/mystake/cmd/monitor.go:35                         glob..func3
/Users/Chen/go/pkg/mod/github.com/spf13/cobra@v1.7.0/command.go:944  (*Command).execute
/Users/Chen/go/pkg/mod/github.com/spf13/cobra@v1.7.0/command.go:1068 (*Command).ExecuteC
/Users/Chen/go/pkg/mod/github.com/spf13/cobra@v1.7.0/command.go:992  Execute
/Users/Chen/Coding/mystake/cmd/root.go:33                            Execute
/Users/Chen/Coding/mystake/main.go:29                                main
/opt/homebrew/opt/go/libexec/src/runtime/proc.go:250                 main
/opt/homebrew/opt/go/libexec/src/runtime/asm_arm64.s:1172            goexit
[2023-07-08 21:22:03] [ERROR] get stock info failed: zip: not a valid zip file
/Users/Chen/Coding/mystake/cmd/monitor.go:35                         glob..func3
/Users/Chen/go/pkg/mod/github.com/spf13/cobra@v1.7.0/command.go:944  (*Command).execute
/Users/Chen/go/pkg/mod/github.com/spf13/cobra@v1.7.0/command.go:1068 (*Command).ExecuteC
/Users/Chen/go/pkg/mod/github.com/spf13/cobra@v1.7.0/command.go:992  Execute
/Users/Chen/Coding/mystake/cmd/root.go:33                            Execute
/Users/Chen/Coding/mystake/main.go:29                                main
/opt/homebrew/opt/go/libexec/src/runtime/proc.go:250                 main
/opt/homebrew/opt/go/libexec/src/runtime/asm_arm64.s:1172            goexit
[2023-07-08 21:53:12] [ERROR] get stock info failed: Invalid stock code: 0009
/Users/Chen/Coding/mystake/cmd/monitor.go:42                         glob..func3
/Users/Chen/go/pkg/mod/github.com/spf13/cobra@v1.7.0/command.go:944  (*Command).execute
/Users/Chen/go/pkg/mod/github.com/spf13/cobra@v1.7.0/command.go:1068 (*Command).ExecuteC
/Users/Chen/go/pkg/mod/github.com/spf13/cobra@v1.7.0/command.go:992  Execute
/Users/Chen/Coding/mystake/cmd/root.go:33                            Execute
/Users/Chen/Coding/mystake/main.go:29                                main
/opt/homebrew/opt/go/libexec/src/runtime/proc.go:250                 main
/opt/homebrew/opt/go/libexec/src/runtime/asm_arm64.s:1172            goexit
